2018-02-02 20:03 [DEBUG]           ContextListener:    39 - Log4j has been initialized
2018-02-02 20:03 [DEBUG]          CommandContainer:    41 - Command container was successfully initialized
2018-02-02 20:03 [TRACE]          CommandContainer:    42 - Number of commands --> 26
2018-02-02 20:03 [DEBUG]                LangFilter:    17 - Filter starts
2018-02-02 20:03 [TRACE]                LangFilter:    27 - Chosen language is null
2018-02-02 20:03 [TRACE]                LangFilter:    29 - Attribute currentLocale: null
2018-02-02 20:03 [TRACE]                LangFilter:    27 - Chosen language is null
2018-02-02 20:03 [TRACE]                LangFilter:    29 - Attribute currentLocale: en
2018-02-02 20:03 [DEBUG]                Controller:    31 - Controller starts
2018-02-02 20:03 [TRACE]                Controller:    35 - Request parameter: command --> prepareEmployee
2018-02-02 20:03 [TRACE]                Controller:    39 - Obtained command --> PrepareNewEmployee
2018-02-02 20:03 [DEBUG]        PrepareNewEmployee:    16 - Command starts
2018-02-02 20:03 [TRACE]        PrepareNewEmployee:    17 - This class returns to page for creating new Employee
2018-02-02 20:03 [DEBUG]        PrepareNewEmployee:    18 - Command finished
2018-02-02 20:03 [TRACE]                Controller:    48 - Forward address --> /newEmployee
2018-02-02 20:03 [DEBUG]                Controller:    50 - Controller finished, now go to forward address --> /newEmployee
2018-02-02 20:03 [TRACE]                LangFilter:    27 - Chosen language is null
2018-02-02 20:03 [TRACE]                LangFilter:    29 - Attribute currentLocale: en
2018-02-02 20:03 [DEBUG]                Controller:    31 - Controller starts
2018-02-02 20:03 [TRACE]                Controller:    35 - Request parameter: command --> newEmployee
2018-02-02 20:03 [TRACE]                Controller:    39 - Obtained command --> NewEmployee
2018-02-02 20:03 [DEBUG]               NewEmployee:    25 - Command starts
2018-02-02 20:03 [TRACE]               NewEmployee:    30 - New Employee --> CrewMan{id=0, firstName='Влад', lastName='Гаврилюк', age=20, isPermitted=1, role='conductor'}
2018-02-02 20:03 [TRACE]               NewEmployee:    56 - NameВлад
2018-02-02 20:03 [TRACE]               NewEmployee:    61 - Last NameГаврилюк
2018-02-02 20:03 [DEBUG]               NewEmployee:    41 - Command finished
2018-02-02 20:03 [TRACE]                Controller:    48 - Forward address --> /newEmployee
2018-02-02 20:03 [DEBUG]                Controller:    50 - Controller finished, now go to forward address --> /newEmployee
